c:\users\user\documents\visual studio 2010\projects\opengl_game\opengl_game\debug\opengl_game.pch
c:\users\user\documents\visual studio 2010\projects\opengl_game\opengl_game\debug\stdafx.obj
c:\users\user\documents\visual studio 2010\projects\opengl_game\opengl_game\debug\vc100.pdb
c:\users\user\documents\visual studio 2010\projects\opengl_game\opengl_game\debug\opengl_game.obj
c:\downloads\opengl_game\opengl_game\debug\opengl_game.pch
c:\downloads\opengl_game\opengl_game\debug\stdafx.obj
c:\downloads\opengl_game\opengl_game\debug\vc100.pdb
c:\downloads\opengl_game\opengl_game\debug\opengl_game.obj
c:\users\user\documents\visual studio 2010\projects\opengl_game\debug\opengl_game.ilk
c:\users\user\documents\visual studio 2010\projects\opengl_game\debug\opengl_game.exe
c:\users\user\documents\visual studio 2010\projects\opengl_game\opengl_game\debug\opengl_game.exe.intermediate.manifest
c:\users\user\documents\visual studio 2010\projects\opengl_game\debug\opengl_game.pdb
c:\downloads\opengl_game\debug\opengl_game.ilk
c:\downloads\opengl_game\debug\opengl_game.exe
c:\downloads\opengl_game\opengl_game\debug\opengl_game.exe.intermediate.manifest
c:\downloads\opengl_game\debug\opengl_game.pdb
c:\users\user\documents\visual studio 2010\projects\opengl_game\opengl_game\debug\opengl_game.exe.embed.manifest
c:\users\user\documents\visual studio 2010\projects\opengl_game\opengl_game\debug\opengl_game.exe.embed.manifest.res
c:\downloads\opengl_game\opengl_game\debug\opengl_game.exe.embed.manifest.res
c:\users\rossh\downloads\opengl-2d-car-game-master\opengl_game\debug\opengl_game.vcxprojresolveassemblyreference.cache
c:\users\rossh\downloads\opengl-2d-car-game-master\opengl_game\debug\opengl_game.obj
c:\users\rossh\downloads\opengl-2d-car-game-master\opengl_game\debug\stdafx.obj
c:\users\rossh\downloads\opengl-2d-car-game-master\opengl_game\debug\cl.command.1.tlog
c:\users\rossh\downloads\opengl-2d-car-game-master\opengl_game\debug\cl.read.1.tlog
c:\users\rossh\downloads\opengl-2d-car-game-master\opengl_game\debug\cl.write.1.tlog
c:\users\rossh\downloads\opengl-2d-car-game-master\opengl_game\debug\link-cvtres.read.1.tlog
c:\users\rossh\downloads\opengl-2d-car-game-master\opengl_game\debug\link-cvtres.write.1.tlog
c:\users\rossh\downloads\opengl-2d-car-game-master\opengl_game\debug\link.1020-cvtres.read.1.tlog
c:\users\rossh\downloads\opengl-2d-car-game-master\opengl_game\debug\link.1020-cvtres.write.1.tlog
c:\users\rossh\downloads\opengl-2d-car-game-master\opengl_game\debug\link.1020.read.1.tlog
c:\users\rossh\downloads\opengl-2d-car-game-master\opengl_game\debug\link.1020.write.1.tlog
c:\users\rossh\downloads\opengl-2d-car-game-master\opengl_game\debug\link.2304-cvtres.read.1.tlog
c:\users\rossh\downloads\opengl-2d-car-game-master\opengl_game\debug\link.2304-cvtres.write.1.tlog
c:\users\rossh\downloads\opengl-2d-car-game-master\opengl_game\debug\link.2304.read.1.tlog
c:\users\rossh\downloads\opengl-2d-car-game-master\opengl_game\debug\link.2304.write.1.tlog
c:\users\rossh\downloads\opengl-2d-car-game-master\opengl_game\debug\link.4164-cvtres.read.1.tlog
c:\users\rossh\downloads\opengl-2d-car-game-master\opengl_game\debug\link.4164-cvtres.write.1.tlog
c:\users\rossh\downloads\opengl-2d-car-game-master\opengl_game\debug\link.4164.read.1.tlog
c:\users\rossh\downloads\opengl-2d-car-game-master\opengl_game\debug\link.4164.write.1.tlog
c:\users\rossh\downloads\opengl-2d-car-game-master\opengl_game\debug\link.4180-cvtres.read.1.tlog
c:\users\rossh\downloads\opengl-2d-car-game-master\opengl_game\debug\link.4180-cvtres.write.1.tlog
c:\users\rossh\downloads\opengl-2d-car-game-master\opengl_game\debug\link.4180.read.1.tlog
c:\users\rossh\downloads\opengl-2d-car-game-master\opengl_game\debug\link.4180.write.1.tlog
c:\users\rossh\downloads\opengl-2d-car-game-master\opengl_game\debug\link.4476-cvtres.read.1.tlog
c:\users\rossh\downloads\opengl-2d-car-game-master\opengl_game\debug\link.4476-cvtres.write.1.tlog
c:\users\rossh\downloads\opengl-2d-car-game-master\opengl_game\debug\link.4476.read.1.tlog
c:\users\rossh\downloads\opengl-2d-car-game-master\opengl_game\debug\link.4476.write.1.tlog
c:\users\rossh\downloads\opengl-2d-car-game-master\opengl_game\debug\link.4768-cvtres.read.1.tlog
c:\users\rossh\downloads\opengl-2d-car-game-master\opengl_game\debug\link.4768-cvtres.write.1.tlog
c:\users\rossh\downloads\opengl-2d-car-game-master\opengl_game\debug\link.4768.read.1.tlog
c:\users\rossh\downloads\opengl-2d-car-game-master\opengl_game\debug\link.4768.write.1.tlog
c:\users\rossh\downloads\opengl-2d-car-game-master\opengl_game\debug\link.4980-cvtres.read.1.tlog
c:\users\rossh\downloads\opengl-2d-car-game-master\opengl_game\debug\link.4980-cvtres.write.1.tlog
c:\users\rossh\downloads\opengl-2d-car-game-master\opengl_game\debug\link.4980.read.1.tlog
c:\users\rossh\downloads\opengl-2d-car-game-master\opengl_game\debug\link.4980.write.1.tlog
c:\users\rossh\downloads\opengl-2d-car-game-master\opengl_game\debug\link.5780-cvtres.read.1.tlog
c:\users\rossh\downloads\opengl-2d-car-game-master\opengl_game\debug\link.5780-cvtres.write.1.tlog
c:\users\rossh\downloads\opengl-2d-car-game-master\opengl_game\debug\link.5780.read.1.tlog
c:\users\rossh\downloads\opengl-2d-car-game-master\opengl_game\debug\link.5780.write.1.tlog
c:\users\rossh\downloads\opengl-2d-car-game-master\opengl_game\debug\link.6940-cvtres.read.1.tlog
c:\users\rossh\downloads\opengl-2d-car-game-master\opengl_game\debug\link.6940-cvtres.write.1.tlog
c:\users\rossh\downloads\opengl-2d-car-game-master\opengl_game\debug\link.6940.read.1.tlog
c:\users\rossh\downloads\opengl-2d-car-game-master\opengl_game\debug\link.6940.write.1.tlog
c:\users\rossh\downloads\opengl-2d-car-game-master\opengl_game\debug\link.7112-cvtres.read.1.tlog
c:\users\rossh\downloads\opengl-2d-car-game-master\opengl_game\debug\link.7112-cvtres.write.1.tlog
c:\users\rossh\downloads\opengl-2d-car-game-master\opengl_game\debug\link.7112.read.1.tlog
c:\users\rossh\downloads\opengl-2d-car-game-master\opengl_game\debug\link.7112.write.1.tlog
c:\users\rossh\downloads\opengl-2d-car-game-master\opengl_game\debug\link.7620-cvtres.read.1.tlog
c:\users\rossh\downloads\opengl-2d-car-game-master\opengl_game\debug\link.7620-cvtres.write.1.tlog
c:\users\rossh\downloads\opengl-2d-car-game-master\opengl_game\debug\link.7620.read.1.tlog
c:\users\rossh\downloads\opengl-2d-car-game-master\opengl_game\debug\link.7620.write.1.tlog
c:\users\rossh\downloads\opengl-2d-car-game-master\opengl_game\debug\link.8864-cvtres.read.1.tlog
c:\users\rossh\downloads\opengl-2d-car-game-master\opengl_game\debug\link.8864-cvtres.write.1.tlog
c:\users\rossh\downloads\opengl-2d-car-game-master\opengl_game\debug\link.8864.read.1.tlog
c:\users\rossh\downloads\opengl-2d-car-game-master\opengl_game\debug\link.8864.write.1.tlog
c:\users\rossh\downloads\opengl-2d-car-game-master\opengl_game\debug\link.9312-cvtres.read.1.tlog
c:\users\rossh\downloads\opengl-2d-car-game-master\opengl_game\debug\link.9312-cvtres.write.1.tlog
c:\users\rossh\downloads\opengl-2d-car-game-master\opengl_game\debug\link.9312.read.1.tlog
c:\users\rossh\downloads\opengl-2d-car-game-master\opengl_game\debug\link.9312.write.1.tlog
c:\users\rossh\downloads\opengl-2d-car-game-master\opengl_game\debug\link.9556-cvtres.read.1.tlog
c:\users\rossh\downloads\opengl-2d-car-game-master\opengl_game\debug\link.9556-cvtres.write.1.tlog
c:\users\rossh\downloads\opengl-2d-car-game-master\opengl_game\debug\link.9556.read.1.tlog
c:\users\rossh\downloads\opengl-2d-car-game-master\opengl_game\debug\link.9556.write.1.tlog
c:\users\rossh\downloads\opengl-2d-car-game-master\opengl_game\debug\link.command.1.tlog
c:\users\rossh\downloads\opengl-2d-car-game-master\opengl_game\debug\link.read.1.tlog
c:\users\rossh\downloads\opengl-2d-car-game-master\opengl_game\debug\link.write.1.tlog
c:\users\rossh\downloads\opengl-2d-car-game-master\opengl_game\debug\mt.command.1.tlog
c:\users\rossh\downloads\opengl-2d-car-game-master\opengl_game\debug\mt.read.1.tlog
c:\users\rossh\downloads\opengl-2d-car-game-master\opengl_game\debug\mt.write.1.tlog
c:\users\rossh\downloads\opengl-2d-car-game-master\opengl_game\debug\opengl_game.write.1.tlog
c:\users\rossh\downloads\opengl-2d-car-game-master\opengl_game\debug\rc.command.1.tlog
c:\users\rossh\downloads\opengl-2d-car-game-master\opengl_game\debug\rc.read.1.tlog
c:\users\rossh\downloads\opengl-2d-car-game-master\opengl_game\debug\rc.write.1.tlog
c:\users\rossh\downloads\opengl-2d-car-game-master\opengl_game\debug\opengl_game.exe.embed.manifest
c:\users\rossh\downloads\opengl-2d-car-game-master\opengl_game\debug\opengl_game.exe.intermediate.manifest
c:\users\rossh\downloads\opengl-2d-car-game-master\opengl_game\debug\opengl_game.exe.embed.manifest.res
c:\users\rossh\downloads\opengl-2d-car-game-master\opengl_game\debug\opengl_game.pch
c:\users\rossh\downloads\opengl-2d-car-game-master\opengl_game\debug\vc100.idb
c:\users\rossh\downloads\opengl-2d-car-game-master\opengl_game\debug\vc100.pdb
c:\users\rossh\downloads\opengl-2d-car-game-master\opengl_game\debug\opengl_game_manifest.rc
c:\users\rossh\downloads\opengl-2d-car-game-master\debug\opengl_game.pdb
c:\users\rossh\downloads\opengl-2d-car-game-master\debug\opengl_game.exe
c:\users\rossh\downloads\opengl-2d-car-game-master\debug\opengl_game.ilk
