  OpenGL_Game.cpp
c:\users\rossh\downloads\opengl-2d-car-game\opengl_game\coin.h(39): warning C4244: 'argument': conversion from 'float' to 'GLint', possible loss of data
c:\users\rossh\downloads\opengl-2d-car-game\opengl_game\coin.h(41): warning C4244: 'argument': conversion from 'float' to 'GLint', possible loss of data
c:\users\rossh\downloads\opengl-2d-car-game\opengl_game\coin.h(43): warning C4244: 'argument': conversion from 'float' to 'GLint', possible loss of data
c:\users\rossh\downloads\opengl-2d-car-game\opengl_game\coin.h(45): warning C4244: 'argument': conversion from 'float' to 'GLint', possible loss of data
  class template variant is only available with C++17 or later.
c:\users\rossh\downloads\opengl-2d-car-game\opengl_game\car.h(20): warning C4305: 'initializing': truncation from 'double' to 'float'
c:\users\rossh\downloads\opengl-2d-car-game\opengl_game\car.h(65): warning C4244: 'argument': conversion from 'double' to 'GLfloat', possible loss of data
c:\users\rossh\downloads\opengl-2d-car-game\opengl_game\car.h(66): warning C4244: 'argument': conversion from 'float' to 'GLint', possible loss of data
c:\users\rossh\downloads\opengl-2d-car-game\opengl_game\car.h(67): warning C4244: 'argument': conversion from 'double' to 'GLfloat', possible loss of data
c:\users\rossh\downloads\opengl-2d-car-game\opengl_game\car.h(68): warning C4244: 'argument': conversion from 'float' to 'GLint', possible loss of data
c:\users\rossh\downloads\opengl-2d-car-game\opengl_game\car.h(69): warning C4244: 'argument': conversion from 'double' to 'GLfloat', possible loss of data
c:\users\rossh\downloads\opengl-2d-car-game\opengl_game\car.h(70): warning C4244: 'argument': conversion from 'float' to 'GLint', possible loss of data
c:\users\rossh\downloads\opengl-2d-car-game\opengl_game\car.h(71): warning C4244: 'argument': conversion from 'double' to 'GLfloat', possible loss of data
c:\users\rossh\downloads\opengl-2d-car-game\opengl_game\car.h(72): warning C4244: 'argument': conversion from 'float' to 'GLint', possible loss of data
c:\users\rossh\downloads\opengl-2d-car-game\opengl_game\car.h(108): warning C4305: '*=': truncation from 'double' to 'float'
c:\users\rossh\downloads\opengl-2d-car-game\opengl_game\car.h(116): warning C4305: '+=': truncation from 'double' to 'float'
c:\users\rossh\downloads\opengl-2d-car-game\opengl_game\car.h(120): warning C4305: '-=': truncation from 'double' to 'float'
c:\users\rossh\downloads\opengl-2d-car-game\opengl_game\car.h(129): warning C4305: '-=': truncation from 'double' to 'float'
c:\users\rossh\downloads\opengl-2d-car-game\opengl_game\car.h(133): warning C4305: '+=': truncation from 'double' to 'float'
c:\users\rossh\downloads\opengl-2d-car-game\opengl_game\car.h(143): warning C4244: 'initializing': conversion from 'double' to 'float', possible loss of data
c:\users\rossh\downloads\opengl-2d-car-game\opengl_game\opengl_game.cpp(106): warning C4244: 'argument': conversion from 'int' to 'GLfloat', possible loss of data
c:\users\rossh\downloads\opengl-2d-car-game\opengl_game\opengl_game.cpp(161): warning C4996: 'sprintf': This function or variable may be unsafe. Consider using sprintf_s instead. To disable deprecation, use _CRT_SECURE_NO_WARNINGS. See online help for details.
  c:\program files (x86)\windows kits\10\include\10.0.17134.0\ucrt\stdio.h(1774): note: see declaration of 'sprintf'
c:\users\rossh\downloads\opengl-2d-car-game\opengl_game\car.h(158): warning C4244: 'initializing': conversion from 'double' to 'float', possible loss of data
  c:\users\rossh\downloads\opengl-2d-car-game\opengl_game\opengl_game.cpp(192): note: see reference to function template instantiation 'void Car::collision<Car>(T &,int)' being compiled
          with
          [
              T=Car
          ]
c:\users\rossh\downloads\opengl-2d-car-game\opengl_game\car.h(168): warning C4552: '-': result of expression not used
c:\users\rossh\downloads\opengl-2d-car-game\opengl_game\car.h(174): warning C4305: '=': truncation from 'double' to 'float'
  OpenGL_Game.vcxproj -> C:\Users\rossh\Downloads\OpenGL-2D-Car-Game\Debug\OpenGL_Game.exe
